<?xml version="1.0" encoding="UTF-8"?>
<testng-results skipped="0" failed="0" ignored="0" total="2" passed="2">
  <reporter-output>
  </reporter-output>
  <suite name="Default suite" duration-ms="11357" started-at="2017-09-16T09:27:05Z" finished-at="2017-09-16T09:27:16Z">
    <groups>
    </groups>
    <test name="Default test" duration-ms="11357" started-at="2017-09-16T09:27:05Z" finished-at="2017-09-16T09:27:16Z">
      <class name="Testng.OpenGoogle">
        <test-method status="PASS" signature="openGoogle()[pri:1, instance:Testng.OpenGoogle@6a024a67]" name="openGoogle" duration-ms="6767" started-at="2017-09-16T14:57:05Z" finished-at="2017-09-16T14:57:11Z">
          <reporter-output>
          </reporter-output>
        </test-method> <!-- openGoogle -->
        <test-method status="PASS" signature="openBing()[pri:2, instance:Testng.OpenGoogle@6a024a67]" name="openBing" duration-ms="4568" started-at="2017-09-16T14:57:11Z" finished-at="2017-09-16T14:57:16Z">
          <reporter-output>
          </reporter-output>
        </test-method> <!-- openBing -->
      </class> <!-- Testng.OpenGoogle -->
    </test> <!-- Default test -->
  </suite> <!-- Default suite -->
</testng-results>
